# Reading D:/modelsim/tcl/vsim/pref.tcl
# //  ModelSim SE-64 10.4 Dec  3 2014 
# //
# //  Copyright 1991-2014 Mentor Graphics Corporation
# //  All Rights Reserved.
# //
# //  THIS WORK CONTAINS TRADE SECRET AND PROPRIETARY INFORMATION
# //  WHICH IS THE PROPERTY OF MENTOR GRAPHICS CORPORATION OR ITS
# //  LICENSORS AND IS SUBJECT TO LICENSE TERMS.
# //  THIS DOCUMENT CONTAINS TRADE SECRETS AND COMMERCIAL OR FINANCIAL
# //  INFORMATION THAT ARE PRIVILEGED, CONFIDENTIAL, AND EXEMPT FROM
# //  DISCLOSURE UNDER THE FREEDOM OF INFORMATION ACT, 5 U.S.C. SECTION 552.
# //  FURTHERMORE, THIS INFORMATION IS PROHIBITED FROM DISCLOSURE UNDER
# //  THE TRADE SECRETS ACT, 18 U.S.C. SECTION 1905.
# //
# do {run_behav_compile.tcl}
# ** Error: (vlib-35) Failed to create directory "work".
# 
# File exists. (errno = EEXIST)
# Model Technology ModelSim SE-64 vmap 10.4 Lib Mapping Utility 2014.12 Dec  3 2014
# vmap -modelsim_quiet work ./work 
# Modifying modelsim.ini
# Model Technology ModelSim SE-64 vmap 10.4 Lib Mapping Utility 2014.12 Dec  3 2014
# vmap -modelsim_quiet usim D:/modelsim/pango_sim_lib/usim 
# Modifying modelsim.ini
# Model Technology ModelSim SE-64 vmap 10.4 Lib Mapping Utility 2014.12 Dec  3 2014
# vmap -modelsim_quiet adc_e2 D:/modelsim/pango_sim_lib/adc_e2 
# Modifying modelsim.ini
# Model Technology ModelSim SE-64 vmap 10.4 Lib Mapping Utility 2014.12 Dec  3 2014
# vmap -modelsim_quiet ddc_e2 D:/modelsim/pango_sim_lib/ddc_e2 
# Modifying modelsim.ini
# Model Technology ModelSim SE-64 vmap 10.4 Lib Mapping Utility 2014.12 Dec  3 2014
# vmap -modelsim_quiet dll_e2 D:/modelsim/pango_sim_lib/dll_e2 
# Modifying modelsim.ini
# Model Technology ModelSim SE-64 vmap 10.4 Lib Mapping Utility 2014.12 Dec  3 2014
# vmap -modelsim_quiet hsstlp_lane D:/modelsim/pango_sim_lib/hsstlp_lane 
# Modifying modelsim.ini
# Model Technology ModelSim SE-64 vmap 10.4 Lib Mapping Utility 2014.12 Dec  3 2014
# vmap -modelsim_quiet hsstlp_pll D:/modelsim/pango_sim_lib/hsstlp_pll 
# Modifying modelsim.ini
# Model Technology ModelSim SE-64 vmap 10.4 Lib Mapping Utility 2014.12 Dec  3 2014
# vmap -modelsim_quiet iolhr_dft D:/modelsim/pango_sim_lib/iolhr_dft 
# Modifying modelsim.ini
# Model Technology ModelSim SE-64 vmap 10.4 Lib Mapping Utility 2014.12 Dec  3 2014
# vmap -modelsim_quiet ipal_e1 D:/modelsim/pango_sim_lib/ipal_e1 
# Modifying modelsim.ini
# Model Technology ModelSim SE-64 vmap 10.4 Lib Mapping Utility 2014.12 Dec  3 2014
# vmap -modelsim_quiet ipal_e2 D:/modelsim/pango_sim_lib/ipal_e2 
# Modifying modelsim.ini
# Model Technology ModelSim SE-64 vmap 10.4 Lib Mapping Utility 2014.12 Dec  3 2014
# vmap -modelsim_quiet iserdes_e2 D:/modelsim/pango_sim_lib/iserdes_e2 
# Modifying modelsim.ini
# Model Technology ModelSim SE-64 vmap 10.4 Lib Mapping Utility 2014.12 Dec  3 2014
# vmap -modelsim_quiet oserdes_e2 D:/modelsim/pango_sim_lib/oserdes_e2 
# Modifying modelsim.ini
# Model Technology ModelSim SE-64 vmap 10.4 Lib Mapping Utility 2014.12 Dec  3 2014
# vmap -modelsim_quiet pciegen2 D:/modelsim/pango_sim_lib/pciegen2 
# Modifying modelsim.ini
# Model Technology ModelSim SE-64 vlog 10.4 Compiler 2014.12 Dec  3 2014
# Start time: 23:33:11 on Sep 21,2025
# vlog -reportprogress 300 -work work F:/pds_project/2_2_1sim/2_2_sim/3_2_sim/source/led_test.v F:/pds_project/2_2_1sim/2_2_sim/3_2_sim/source/signal_analyzer_top.v F:/pds_project/2_2_1sim/2_2_sim/3_2_sim/source/tb_led_test.v F:/pds_project/2_2_1sim/2_2_sim/3_2_sim/source/signal_generator_tb.v 
# -- Compiling module led_test
# -- Compiling module signal_analyzer_top
# -- Compiling module tb_led_test
# -- Compiling module signal_generator_tb
# 
# Top level modules:
# 	tb_led_test
# 	signal_generator_tb
# End time: 23:33:11 on Sep 21,2025, Elapsed time: 0:00:00
# Errors: 0, Warnings: 0
# do {run_behav_simulate.tcl}
# vsim -gui -do "do {run_behav_compile.tcl};do {run_behav_simulate.tcl}" -l run_behav_simulate.log 
# Start time: 23:33:11 on Sep 21,2025
# ** Warning: (vsim-8891) All optimizations are turned off because the -novopt switch is in effect. This will cause your simulation to run very slowly. If you are using this switch to preserve visibility for Debug or PLI features please see the User's Manual section on Preserving Object Visibility with vopt.
# 
# Refreshing F:/pds_project/2_2_1sim/2_2_sim/3_2_sim/sim/behav/work.signal_generator_tb
# Loading work.signal_generator_tb
# Refreshing F:/pds_project/2_2_1sim/2_2_sim/3_2_sim/sim/behav/work.signal_analyzer_top
# Loading work.signal_analyzer_top
# Loading usim.GTP_GRS
# .main_pane.wave.interior.cs.body.pw.wf
# .main_pane.structure.interior.cs.body.struct
# .main_pane.objects.interior.cs.body.tree
# Waveform data generation complete for sine_wave.txt.
run -continue
run
# End time: 23:34:57 on Sep 21,2025, Elapsed time: 0:01:46
# Errors: 0, Warnings: 1
