#Build: Fabric Compiler 2022.2-SP6.4, Build 146967, Jan 31 01:39 2024
#Install: D:\pds2022_sp6_4\PDS_2022.2-SP6.4\bin
#Application name: pds_shell.exe
#OS: Windows 10 10.0.22631
#Hostname: DESKTOP-50P54KS
Generated by Fabric Compiler (version 2022.2-SP6.4 build 146967) at Tue Feb 18 11:46:03 2025
Compiling verification operator library.
Compiling common defs.
Compiling prim grid devices.
Compiling gate devices.
Compiling gate operators.
Building architecture model.
Loading device packaging model.
Reading design from pnr DB.
Start Report Post-PnR timing.
Constructing timing graph ...
Timing graph has been constructed successfully
W: Timing-4087: Port 'led[0]' is not constrained, it is treated as combinational output.
W: Timing-4087: Port 'led[1]' is not constrained, it is treated as combinational output.
W: Timing-4087: Port 'led[2]' is not constrained, it is treated as combinational output.
W: Timing-4087: Port 'led[3]' is not constrained, it is treated as combinational output.
W: Timing-4087: Port 'led[4]' is not constrained, it is treated as combinational output.
W: Timing-4087: Port 'led[5]' is not constrained, it is treated as combinational output.
W: Timing-4087: Port 'led[6]' is not constrained, it is treated as combinational output.
W: Timing-4087: Port 'led[7]' is not constrained, it is treated as combinational output.
W: Timing-4086: Port 'rstn' is not constrained, it is treated as combinational input.
Report timing is finished successfully.
Action report_timing: Real time elapsed is 0h:0m:10s
Action report_timing: CPU time elapsed is 0h:0m:2s
Action report_timing: Process CPU time elapsed is 0h:0m:2s
Current time: Tue Feb 18 11:46:12 2025
Action report_timing: Peak memory pool usage is 1,050 MB
