#Build: Fabric Compiler 2022.2-SP6.4, Build 146967, Jan 31 01:39 2024
#Install: D:\pds2022_sp6_4\PDS_2022.2-SP6.4\bin
#Application name: pds_shell.exe
#OS: Windows 10 10.0.22631
#Hostname: DESKTOP-50P54KS
Generated by Fabric Compiler (version 2022.2-SP6.4 build 146967) at Tue Feb 18 11:45:40 2025
Compiling verification operator library.
Compiling common defs.
Loading technology operator library.
Compiling technology operator library.
Compiling technology operator (valence) library.
Compiling operator packing rules.
Compiling prim grid devices.
Compiling gate devices.
Compiling gate operators.
Compiling tech operator impls.
Building architecture model.
Loading device packaging model.
Flattening design 'led_test'
Device mapping started.
Optimizing circuit logic.
Checking design netlist.
Processing tech operator.
I: The instance clkbufg_0(GTP_CLKBUFG) has been inserted on the net nt_clk in design, driver pin O(instance clk_ibuf) -> load pin CLK(instance led_light_cnt[0]).
Converting tech operator to gate operator.
Processing gate operator.
I: Infer CARRY group, base inst: N8_0_1/gateop, insts:23.
Device Utilization Summary:
+------------------------------------------------------------------------+
| Logic Utilization     | Used     | Available     | Utilization(%)     
+------------------------------------------------------------------------+
| APM                   | 0        | 240           | 0                  
| FF                    | 32       | 133200        | 1                  
| LUT                   | 31       | 66600         | 1                  
| Distributed RAM       | 0        | 19900         | 0                  
| DRM                   | 0        | 155           | 0                  
| IO                    | 10       | 300           | 4                  
| RCKB                  | 0        | 24            | 0                  
| SCANCHAIN             | 0        | 1             | 0                  
| USCM                  | 1        | 32            | 4                  
| CCS                   | 1        | 1             | 100                
| ADC                   | 0        | 1             | 0                  
| DDR_PHY               | 0        | 24            | 0                  
| HSSTLP                | 0        | 2             | 0                  
| GPLL                  | 0        | 6             | 0                  
| PPLL                  | 0        | 6             | 0                  
| DDRPHY_CPD            | 0        | 12            | 0                  
| HCKB                  | 0        | 96            | 0                  
| IOCKB                 | 0        | 24            | 0                  
| MRCKB                 | 0        | 12            | 0                  
| PCIE                  | 0        | 1             | 0                  
| DDRPHY_IOCLK_DIV      | 0        | 6             | 0                  
| ANALOG                | 0        | 1             | 0                  
| TSERDES               | 0        | 48            | 0                  
| KEYRAM                | 0        | 1             | 0                  
+------------------------------------------------------------------------+

Device mapping done.
Total device mapping takes 0.00 sec.

Design 'led_test' has been successfully mapped to architecture-specific objects.
Saving design to DB.
Action dev_map: Real time elapsed is 0h:0m:8s
Action dev_map: CPU time elapsed is 0h:0m:1s
Action dev_map: Process CPU time elapsed is 0h:0m:1s
Current time: Tue Feb 18 11:45:46 2025
Action dev_map: Peak memory pool usage is 320 MB
