#Build: Fabric Compiler 2022.2-SP6.4, Build 146967, Jan 31 01:39 2024
#Install: F:\pds\PDS_2022.2-SP6.4\bin
#Application name: pds.exe
#OS: Windows 10 10.0.22621
#Hostname: zhengzhiyu
Generated by Fabric Compiler (version 2022.2-SP6.4 build 146967) at Sun Sep 21 23:15:17 2025
Parse module hierarchy of project 'F:/pds_project/2_2_1sim/2_2_sim/3_2_sim/temp_projects/Main_Flow/Main_Flow.pds' (ADS Parser)
Parse module hierarchy of project 'F:/pds_project/2_2_1sim/2_2_sim/3_2_sim/temp_projects/Main_Flow/Main_Flow.pds' (ADS Parser)
I: Flow-6004: Design file modified: "F:/pds_project/2_2_1sim/2_2_sim/3_2_sim/source/led_test.v". 
File "F:/pds_project/2_2_1sim/2_2_sim/3_2_sim/source/testbench_signal_generator.v" has been added to project successfully. 
Parse module hierarchy of project 'F:/pds_project/2_2_1sim/2_2_sim/3_2_sim/temp_projects/Main_Flow/Main_Flow.pds' (ADS Parser)
Parse module hierarchy of project 'F:/pds_project/2_2_1sim/2_2_sim/3_2_sim/temp_projects/Main_Flow/Main_Flow.pds' (ADS Parser)
Parse module hierarchy of project 'F:/pds_project/2_2_1sim/2_2_sim/3_2_sim/temp_projects/Main_Flow/Main_Flow.pds' (ADS Parser)
File "F:/pds_project/2_2_1sim/2_2_sim/3_2_sim/source/testbench_signal_generator.v" has been removed from project successfully. 
Parse module hierarchy of project 'F:/pds_project/2_2_1sim/2_2_sim/3_2_sim/temp_projects/Main_Flow/Main_Flow.pds' (ADS Parser)
File "F:/pds_project/2_2_1sim/2_2_sim/3_2_sim/source/signal_generator_tb.v" has been added to project successfully. 
Parse module hierarchy of project 'F:/pds_project/2_2_1sim/2_2_sim/3_2_sim/temp_projects/Main_Flow/Main_Flow.pds' (ADS Parser)
Parse module hierarchy of project 'F:/pds_project/2_2_1sim/2_2_sim/3_2_sim/temp_projects/Main_Flow/Main_Flow.pds' (ADS Parser)
File "F:/pds_project/2_2_1sim/2_2_sim/3_2_sim/source/signal_analyzer_top.v" has been added to project successfully. 
Parse module hierarchy of project 'F:/pds_project/2_2_1sim/2_2_sim/3_2_sim/temp_projects/Main_Flow/Main_Flow.pds' (ADS Parser)
Parse module hierarchy of project 'F:/pds_project/2_2_1sim/2_2_sim/3_2_sim/temp_projects/Main_Flow/Main_Flow.pds' (ADS Parser)
I: Flow-6004: Design file modified: "F:/pds_project/2_2_1sim/2_2_sim/3_2_sim/source/signal_analyzer_top.v". 
W: Public-4027: Copy '' to 'F:/pds_project/2_2_1sim/2_2_sim/3_2_sim/sim/behav' failed.
W: Public-4027: Copy '' to 'F:/pds_project/2_2_1sim/2_2_sim/3_2_sim/sim/behav' failed.
